SF:lib/cos.dart
DA:15,1
DA:16,2
DA:18,2
DA:19,3
DA:24,1
DA:25,2
DA:28,0
DA:29,0
DA:32,0
DA:33,0
DA:36,0
DA:37,0
DA:38,0
DA:41,0
DA:44,0
DA:45,0
DA:46,0
DA:49,0
DA:52,0
DA:53,0
DA:54,0
DA:55,0
LF:22
LH:6
end_of_record
SF:lib/pigeon.dart
DA:11,0
DA:47,0
DA:48,0
DA:49,0
DA:50,0
DA:51,0
DA:52,0
DA:53,0
DA:54,0
DA:55,0
DA:56,0
DA:57,0
DA:58,0
DA:59,0
DA:60,0
DA:61,0
DA:62,0
DA:63,0
DA:64,0
DA:68,0
DA:70,0
DA:71,0
DA:72,0
DA:73,0
DA:74,0
DA:75,0
DA:76,0
DA:77,0
DA:78,0
DA:79,0
DA:80,0
DA:81,0
DA:82,0
DA:83,0
DA:84,0
DA:85,0
DA:86,0
DA:92,0
DA:104,0
DA:105,0
DA:106,0
DA:107,0
DA:108,0
DA:109,0
DA:113,0
DA:115,0
DA:116,0
DA:117,0
DA:118,0
DA:119,0
DA:125,0
DA:139,0
DA:140,0
DA:141,0
DA:142,0
DA:143,0
DA:144,0
DA:145,0
DA:149,0
DA:151,0
DA:152,0
DA:153,0
DA:154,0
DA:155,0
DA:156,0
DA:162,0
DA:176,0
DA:177,0
DA:178,0
DA:179,0
DA:180,0
DA:181,0
DA:182,0
DA:186,0
DA:188,0
DA:189,0
DA:190,0
DA:191,0
DA:192,0
DA:193,0
DA:199,0
DA:209,0
DA:210,0
DA:211,0
DA:212,0
DA:213,0
DA:217,0
DA:219,0
DA:220,0
DA:221,0
DA:222,0
DA:228,0
DA:236,0
DA:237,0
DA:238,0
DA:239,0
DA:243,0
DA:245,0
DA:246,0
DA:247,0
DA:253,0
DA:269,0
DA:270,0
DA:271,0
DA:272,0
DA:273,0
DA:274,0
DA:275,0
DA:276,0
DA:280,0
DA:282,0
DA:283,0
DA:284,0
DA:285,0
DA:286,0
DA:287,0
DA:288,0
DA:294,1
DA:295,1
DA:297,1
DA:298,0
DA:299,0
DA:301,1
DA:302,0
DA:303,0
DA:306,1
DA:309,0
DA:312,0
DA:313,0
DA:315,0
DA:316,0
DA:319,0
DA:329,1
DA:334,1
DA:335,1
DA:336,1
DA:338,2
DA:340,1
DA:344,0
DA:345,0
DA:346,0
DA:347,0
DA:348,0
DA:349,0
DA:351,0
DA:352,0
DA:357,0
DA:361,0
DA:362,0
DA:363,0
DA:365,0
DA:367,0
DA:371,0
DA:372,0
DA:373,0
DA:374,0
DA:375,0
DA:376,0
DA:383,0
DA:384,0
DA:385,0
DA:387,0
DA:389,0
DA:393,0
DA:394,0
DA:395,0
DA:396,0
DA:397,0
DA:398,0
DA:405,0
DA:406,0
DA:407,0
DA:409,0
DA:411,0
DA:415,0
DA:416,0
DA:417,0
DA:418,0
DA:419,0
DA:420,0
DA:427,0
DA:428,0
DA:429,0
DA:431,0
DA:433,0
DA:437,0
DA:438,0
DA:439,0
DA:440,0
DA:441,0
DA:442,0
DA:451,1
DA:452,0
DA:454,0
DA:455,0
DA:456,0
DA:458,0
DA:459,0
DA:460,0
DA:463,0
DA:466,0
DA:469,0
DA:470,0
DA:472,0
DA:473,0
DA:476,0
DA:486,0
DA:491,0
DA:492,0
DA:493,0
DA:495,0
DA:497,0
DA:501,0
DA:502,0
DA:503,0
DA:504,0
DA:505,0
DA:506,0
DA:508,0
DA:509,0
DA:514,0
DA:518,0
DA:519,0
DA:520,0
DA:522,0
DA:524,0
DA:528,0
DA:529,0
DA:530,0
DA:531,0
DA:532,0
DA:533,0
DA:540,0
DA:541,0
DA:542,0
DA:544,0
DA:546,0
DA:550,0
DA:551,0
DA:552,0
DA:553,0
DA:554,0
DA:555,0
DA:557,0
DA:558,0
DA:563,0
DA:567,0
DA:568,0
DA:569,0
DA:571,0
DA:573,0
DA:577,0
DA:578,0
DA:579,0
DA:580,0
DA:581,0
DA:582,0
DA:584,0
DA:585,0
DA:590,0
DA:594,0
DA:595,0
DA:596,0
DA:598,0
DA:600,0
DA:604,0
DA:605,0
DA:606,0
DA:607,0
DA:608,0
DA:609,0
DA:622,0
DA:627,0
DA:628,0
DA:629,0
DA:631,0
DA:633,0
DA:637,0
DA:638,0
DA:639,0
DA:640,0
DA:641,0
DA:642,0
DA:644,0
DA:645,0
DA:650,0
DA:654,0
DA:655,0
DA:656,0
DA:658,0
DA:660,0
DA:664,0
DA:665,0
DA:666,0
DA:667,0
DA:668,0
DA:669,0
DA:671,0
DA:672,0
DA:677,0
DA:681,0
DA:682,0
DA:683,0
DA:685,0
DA:687,0
DA:691,0
DA:692,0
DA:693,0
DA:694,0
DA:695,0
DA:696,0
DA:703,0
DA:704,0
DA:705,0
DA:707,0
DA:709,0
DA:713,0
DA:714,0
DA:715,0
DA:716,0
DA:717,0
DA:718,0
DA:725,0
DA:726,0
DA:727,0
DA:729,0
DA:731,0
DA:735,0
DA:736,0
DA:737,0
DA:738,0
DA:739,0
DA:740,0
DA:749,1
DA:750,0
DA:752,0
DA:753,0
DA:754,0
DA:756,0
DA:757,0
DA:758,0
DA:760,0
DA:761,0
DA:762,0
DA:764,0
DA:765,0
DA:766,0
DA:769,0
DA:772,0
DA:775,0
DA:776,0
DA:778,0
DA:779,0
DA:781,0
DA:782,0
DA:784,0
DA:785,0
DA:788,0
DA:801,1
DA:803,1
DA:806,0
DA:808,1
DA:810,0
DA:816,1
DA:819,0
DA:821,1
DA:822,0
DA:824,0
DA:825,0
DA:826,0
DA:827,0
DA:828,0
DA:829,0
DA:830,0
DA:836,1
DA:839,0
DA:841,1
DA:842,0
DA:844,0
DA:845,0
DA:846,0
DA:847,0
DA:848,0
DA:849,0
DA:850,0
DA:856,1
DA:859,0
DA:861,1
DA:862,0
DA:864,0
DA:865,0
DA:866,0
DA:867,0
DA:868,0
DA:869,0
DA:870,0
DA:876,1
DA:879,0
DA:881,1
DA:882,0
DA:884,0
DA:885,0
DA:886,0
DA:887,0
DA:888,0
DA:889,0
DA:890,0
DA:891,0
DA:892,0
LF:409
LH:24
end_of_record
SF:lib/cos_service.dart
DA:6,0
DA:10,0
DA:12,0
DA:17,0
DA:20,0
DA:22,0
DA:27,0
DA:30,0
DA:31,0
DA:34,0
DA:35,0
DA:38,0
DA:39,0
LF:13
LH:0
end_of_record
SF:lib/cos_transfer_manger.dart
DA:13,0
DA:22,0
DA:35,0
DA:38,0
DA:39,0
DA:40,0
DA:42,0
DA:43,0
DA:55,0
DA:58,0
DA:69,0
DA:70,0
DA:71,0
DA:73,0
DA:74,0
DA:85,0
DA:88,0
DA:89,0
DA:92,0
DA:93,0
DA:96,0
DA:97,0
DA:100,0
DA:101,0
DA:105,0
DA:107,0
DA:108,0
DA:114,0
DA:116,0
DA:117,0
DA:123,0
DA:125,0
DA:126,0
DA:145,0
LF:34
LH:0
end_of_record
SF:lib/exceptions.dart
DA:2,0
LF:1
LH:0
end_of_record
SF:lib/impl_flutter_cos_api.dart
DA:6,0
DA:8,0
DA:11,0
DA:13,0
DA:16,0
DA:18,0
DA:21,0
DA:23,0
DA:26,0
DA:28,0
LF:10
LH:0
end_of_record
SF:lib/transfer_task.dart
DA:7,0
DA:9,0
DA:10,0
DA:13,0
DA:14,0
DA:17,0
DA:18,0
LF:7
LH:0
end_of_record
